<?xml version="1.0" encoding="UTF-8"?>
<!-- Generated by org.testng.reporters.JUnitReportReporter -->
<testsuite skipped="0" hostname="admin" name="pagebase.WebPageBaseClass" tests="1" failures="0" timestamp="26 Dec 2017 22:20:28 GMT" time="112.686" errors="0">
  <testcase name="testFunctionality" time="112.686" classname="pagebase.WebPageBaseClass"/>
</testsuite> <!-- pagebase.WebPageBaseClass -->
